\BOOKMARK [0][-]{chapter*.3}{\376\377\004\022\004\062\004\065\004\064\004\065\004\075\004\070\004\065}{}% 1
\BOOKMARK [0][-]{chapter.1}{\376\377\004\030\004\101\004\101\004\073\004\065\004\064\004\076\004\062\004\060\004\075\004\070\004\065\000\040\004\101\004\103\004\111\004\065\004\101\004\102\004\062\004\103\004\116\004\111\004\070\004\105\000\040\004\072\004\076\004\063\004\075\004\070\004\102\004\070\004\062\004\075\004\113\004\105\000\040\004\060\004\100\004\105\004\070\004\102\004\065\004\072\004\102\004\103\004\100\000\040\004\070\000\040\004\060\004\075\004\060\004\073\004\070\004\067\000\040\004\070\004\105\000\040\004\075\004\065\004\064\004\076\004\101\004\102\004\060\004\102\004\072\004\076\004\062}{}% 2
\BOOKMARK [1][-]{section.1.1}{\376\377\004\030\004\067\004\103\004\107\004\065\004\075\004\070\004\065\000\040\004\070\000\040\004\060\004\075\004\060\004\073\004\070\004\067\000\040\004\101\004\103\004\111\004\065\004\101\004\102\004\062\004\103\004\116\004\111\004\070\004\105\000\040\004\072\004\076\004\063\004\075\004\070\004\102\004\070\004\062\004\075\004\113\004\105\000\040\004\060\004\100\004\105\004\070\004\102\004\065\004\072\004\102\004\103\004\100}{chapter.1}% 3
\BOOKMARK [1][-]{section.1.2}{\376\377\004\030\004\067\004\103\004\107\004\065\004\075\004\070\004\065\000\040\004\070\000\040\004\060\004\075\004\060\004\073\004\070\004\067\000\040\004\072\004\076\004\063\004\075\004\070\004\102\004\070\004\062\004\075\004\076\004\071\000\040\004\060\004\100\004\105\004\070\004\102\004\065\004\072\004\102\004\103\004\100\004\113\000\040\000e\000B\000I\000C\000A}{chapter.1}% 4
\BOOKMARK [1][-]{section.1.3}{\376\377\004\035\004\065\004\071\004\100\004\076\004\075\004\075\004\113\004\065\000\040\004\101\004\065\004\102\004\070\000\040\004\070\000\040\004\070\004\105\000\040\004\102\004\070\004\077\004\113}{chapter.1}% 5
\BOOKMARK [1][-]{section.1.4}{\376\377\004\034\004\065\004\102\004\076\004\064\004\113\000\040\004\076\004\077\004\100\004\065\004\064\004\065\004\073\004\065\004\075\004\070\004\117\000\040\004\115\004\074\004\076\004\106\004\070\004\071\000\040\004\062\000\040\004\100\004\065\004\107\004\070}{chapter.1}% 6
\BOOKMARK [1][-]{section.1.5}{\376\377\004\032\004\073\004\060\004\101\004\101\004\070\004\104\004\070\004\072\004\060\004\106\004\070\004\070\000\040\004\070\000\040\004\076\004\077\004\100\004\065\004\064\004\065\004\073\004\065\004\075\004\070\004\065\000\040\004\115\004\074\004\076\004\106\004\070\004\071}{chapter.1}% 7
\BOOKMARK [1][-]{section.1.6}{\376\377\004\046\004\065\004\073\004\070\000\040\004\070\000\040\004\067\004\060\004\064\004\060\004\107\004\070\000\040\004\022\004\032\004\040}{chapter.1}% 8
\BOOKMARK [1][-]{section.1.7}{\376\377\004\022\004\113\004\062\004\076\004\064\004\113}{chapter.1}% 9
\BOOKMARK [0][-]{chapter.2}{\376\377\004\036\004\077\004\070\004\101\004\060\004\075\004\070\004\065\000\040\004\074\004\076\004\064\004\065\004\073\004\065\004\071\000,\000\040\004\076\004\102\004\062\004\065\004\107\004\060\004\116\004\111\004\070\004\105\000\040\004\067\004\060\000\040\004\063\004\065\004\075\004\065\004\100\004\060\004\106\004\070\004\116\000\040\004\077\004\076\004\062\004\065\004\064\004\065\004\075\004\070\004\117\000\040\004\062\004\070\004\100\004\102\004\103\004\060\004\073\004\114\004\075\004\076\004\063\004\076\000\040\004\060\004\072\004\102\004\076\004\100\004\060}{}% 10
\BOOKMARK [1][-]{section.2.1}{\376\377\004\037\004\076\004\101\004\102\004\060\004\075\004\076\004\062\004\072\004\060\000\040\004\067\004\060\004\064\004\060\004\107\004\070}{chapter.2}% 11
\BOOKMARK [1][-]{section.2.2}{\376\377\004\036\004\077\004\070\004\101\004\060\004\075\004\070\004\065\000\040\004\100\004\060\004\061\004\076\004\102\004\113\000\040\004\074\004\076\004\064\004\065\004\073\004\070\000\040\004\060\004\072\004\102\004\076\004\100\004\060}{chapter.2}% 12
\BOOKMARK [1][-]{section.2.3}{\376\377\004\041\004\077\004\076\004\101\004\076\004\061\004\113\000\040\004\100\004\060\004\101\004\077\004\076\004\067\004\075\004\060\004\062\004\060\004\075\004\070\004\117\000\040\004\100\004\065\004\107\004\070}{chapter.2}% 13
\BOOKMARK [1][-]{section.2.4}{\376\377\004\041\004\065\004\074\004\060\004\075\004\102\004\070\004\107\004\065\004\101\004\072\004\070\004\071\000\040\004\060\004\075\004\060\004\073\004\070\004\067\000\040\004\102\004\065\004\072\004\101\004\102\004\060\000\040\004\070\000\040\004\065\004\063\004\076\000\040\004\062\004\070\004\064\004\113}{chapter.2}% 14
\BOOKMARK [1][-]{section.2.5}{\376\377\000W\000a\000v\0002\000v\000e\000c}{chapter.2}% 15
\BOOKMARK [1][-]{section.2.6}{\376\377\000k\000-\000n\000e\000a\000r\000e\000s\000t\000\040\000n\000e\000i\000g\000h\000b\000o\000r\000s}{chapter.2}% 16
\BOOKMARK [1][-]{section.2.7}{\376\377\000S\000u\000p\000p\000o\000r\000t\000\040\000V\000e\000c\000t\000o\000r\000\040\000M\000a\000c\000h\000i\000n\000e}{chapter.2}% 17
\BOOKMARK [1][-]{section.2.8}{\376\377\000M\000u\000l\000t\000i\000\040\000L\000a\000y\000e\000r\000\040\000P\000e\000r\000c\000e\000p\000t\000r\000o\000n}{chapter.2}% 18
\BOOKMARK [1][-]{section.2.9}{\376\377\004\022\004\113\004\062\004\076\004\064\004\113}{chapter.2}% 19
\BOOKMARK [0][-]{chapter.3}{\376\377\004\037\004\100\004\076\004\065\004\072\004\102\004\070\004\100\004\076\004\062\004\060\004\075\004\070\004\065\000\040\004\074\004\076\004\064\004\065\004\073\004\070\000\040\004\077\004\076\004\062\004\065\004\064\004\065\004\075\004\070\004\117\000\040\004\062\004\070\004\100\004\102\004\103\004\060\004\073\004\114\004\075\004\076\004\063\004\076\000\040\004\060\004\063\004\065\004\075\004\102\004\060}{}% 20
\BOOKMARK [1][-]{section.3.1}{\376\377\004\037\004\100\004\076\004\065\004\072\004\102\004\070\004\100\004\076\004\062\004\060\004\075\004\070\004\065\000\040\004\074\004\076\004\064\004\070\004\104\004\070\004\106\004\070\004\100\004\076\004\062\004\060\004\075\004\075\004\076\004\063\004\076\000\040\004\077\004\100\004\076\004\102\004\076\004\102\004\070\004\077\004\060\000\040\004\022\004\070\004\100\004\102\004\103\004\060\004\073\004\114\004\075\004\076\004\063\004\076\000\040\004\020\004\072\004\102\004\076\004\100\004\060}{chapter.3}% 21
\BOOKMARK [1][-]{section.3.2}{\376\377\004\030\004\075\004\101\004\102\004\100\004\103\004\074\004\065\004\075\004\102\004\113\000\040\004\070\004\067\004\062\004\073\004\065\004\107\004\065\004\075\004\070\004\117\000\040\004\100\004\065\004\107\004\065\004\062\004\113\004\105\000\040\004\077\004\100\004\070\004\067\004\075\004\060\004\072\004\076\004\062\000\040\004\070\004\067\000\040\004\100\004\065\004\107\004\070}{chapter.3}% 22
\BOOKMARK [1][-]{section.3.3}{\376\377\004\030\004\075\004\101\004\102\004\100\004\103\004\074\004\065\004\075\004\102\004\113\000\040\004\064\004\073\004\117\000\040\004\101\004\065\004\074\004\060\004\075\004\102\004\070\004\107\004\065\004\101\004\072\004\076\004\063\004\076\000\040\004\060\004\075\004\060\004\073\004\070\004\067\004\060\000\040\004\102\004\065\004\072\004\101\004\102\004\060}{chapter.3}% 23
\BOOKMARK [1][-]{section.3.4}{\376\377\004\037\004\076\004\101\004\102\004\100\004\076\004\065\004\075\004\070\004\065\000\040\004\061\004\073\004\076\004\072\000-\004\101\004\105\004\065\004\074\000\040\004\070\000\040\000U\000M\000L\000\040\004\064\004\070\004\060\004\063\004\100\004\060\004\074\004\074}{chapter.3}% 24
\BOOKMARK [1][-]{section.3.5}{\376\377\004\022\004\113\004\062\004\076\004\064\004\113}{chapter.3}% 25
\BOOKMARK [0][-]{chapter.4}{\376\377\004\040\004\065\004\060\004\073\004\070\004\067\004\060\004\106\004\070\004\117\000\040\004\077\004\100\004\076\004\063\004\100\004\060\004\074\004\074\004\075\004\076\004\063\004\076\000\040\004\077\004\100\004\076\004\064\004\103\004\072\004\102\004\060}{}% 26
\BOOKMARK [1][-]{section.4.1}{\376\377\004\042\004\065\004\072\004\103\004\111\004\060\004\117\000\040\004\062\004\065\004\100\004\101\004\070\004\117\000\040\004\100\004\065\004\060\004\073\004\070\004\067\004\076\004\062\004\060\004\075\004\075\004\076\004\071\000\040\004\074\004\076\004\064\004\065\004\073\004\070}{chapter.4}% 27
\BOOKMARK [1][-]{section.4.2}{\376\377\004\030\004\075\004\102\004\065\004\063\004\100\004\060\004\106\004\070\004\117\000\040\004\074\004\076\004\064\004\065\004\073\004\065\004\071\000\040\004\070\004\067\000\040\000p\000y\000t\000h\000o\000n\000\040\004\062\000\040\000C\000\043}{chapter.4}% 28
\BOOKMARK [1][-]{section.4.3}{\376\377\004\032\004\076\004\074\004\060\004\075\004\064\004\113\000\040\004\070\004\101\004\077\004\076\004\073\004\114\004\075\004\117\004\065\004\074\004\113\004\065\000\040\004\077\004\076\004\101\004\100\004\065\004\064\004\101\004\102\004\062\004\076\004\074\000\040\004\100\004\060\004\101\004\077\004\076\004\067\004\060\004\062\004\060\004\075\004\070\004\117\000\040\004\100\004\065\004\107\004\070}{chapter.4}% 29
\BOOKMARK [1][-]{section.4.4}{\376\377\004\040\004\065\004\060\004\073\004\070\004\067\004\060\004\106\004\070\004\117\000\040\004\070\000\040\004\064\004\076\004\076\004\061\004\103\004\107\004\065\004\075\004\070\004\065\000\040\004\074\004\076\004\064\004\065\004\073\004\070}{chapter.4}% 30
\BOOKMARK [1][-]{section.4.5}{\376\377\004\040\004\065\004\067\004\103\004\073\004\114\004\102\004\060\004\102\004\113}{chapter.4}% 31
\BOOKMARK [1][-]{section.4.6}{\376\377\004\022\004\113\004\062\004\076\004\064\004\113}{chapter.4}% 32
\BOOKMARK [0][-]{chapter*.46}{\376\377\004\027\004\060\004\072\004\073\004\116\004\107\004\065\004\075\004\070\004\065}{}% 33
\BOOKMARK [0][-]{section*.47}{\376\377\004\041\004\077\004\070\004\101\004\076\004\072\000\040\004\073\004\070\004\102\004\065\004\100\004\060\004\102\004\103\004\100\004\113}{}% 34
\BOOKMARK [1][-]{chapter*.48}{\376\377\004\041\004\077\004\070\004\101\004\076\004\072\000\040\004\073\004\070\004\102\004\065\004\100\004\060\004\102\004\103\004\100\004\113}{section*.47}% 35
